<?xml version="1.0" encoding="UTF-8"?>
<testsuite xmlns:xsi="http://www.w3.org/2001/XMLSchema-instance" xsi:noNamespaceSchemaLocation="https://maven.apache.org/surefire/maven-surefire-plugin/xsd/surefire-test-report.xsd" version="3.0.2" name="hellocucumber.RunCucumberTest" time="0.089" tests="1" errors="0" skipped="0" failures="0">
  <properties>
    <property name="java.specification.version" value="17"/>
    <property name="sun.jnu.encoding" value="UTF-8"/>
    <property name="java.class.path" value="/home/kashiba/_github/try_Spliterator/hellocucumber/target/test-classes:/home/kashiba/_github/try_Spliterator/hellocucumber/target/classes:/home/kashiba/.m2/repository/io/cucumber/cucumber-java/7.20.1/cucumber-java-7.20.1.jar:/home/kashiba/.m2/repository/io/cucumber/cucumber-core/7.20.1/cucumber-core-7.20.1.jar:/home/kashiba/.m2/repository/io/cucumber/cucumber-gherkin/7.20.1/cucumber-gherkin-7.20.1.jar:/home/kashiba/.m2/repository/io/cucumber/cucumber-gherkin-messages/7.20.1/cucumber-gherkin-messages-7.20.1.jar:/home/kashiba/.m2/repository/io/cucumber/gherkin/28.0.0/gherkin-28.0.0.jar:/home/kashiba/.m2/repository/io/cucumber/messages/24.1.0/messages-24.1.0.jar:/home/kashiba/.m2/repository/io/cucumber/testng-xml-formatter/0.2.0/testng-xml-formatter-0.2.0.jar:/home/kashiba/.m2/repository/io/cucumber/query/12.2.0/query-12.2.0.jar:/home/kashiba/.m2/repository/io/cucumber/tag-expressions/6.1.0/tag-expressions-6.1.0.jar:/home/kashiba/.m2/repository/io/cucumber/cucumber-expressions/17.1.0/cucumber-expressions-17.1.0.jar:/home/kashiba/.m2/repository/io/cucumber/datatable/7.20.1/datatable-7.20.1.jar:/home/kashiba/.m2/repository/io/cucumber/cucumber-plugin/7.20.1/cucumber-plugin-7.20.1.jar:/home/kashiba/.m2/repository/io/cucumber/docstring/7.20.1/docstring-7.20.1.jar:/home/kashiba/.m2/repository/io/cucumber/html-formatter/21.7.0/html-formatter-21.7.0.jar:/home/kashiba/.m2/repository/io/cucumber/junit-xml-formatter/0.5.0/junit-xml-formatter-0.5.0.jar:/home/kashiba/.m2/repository/io/cucumber/ci-environment/10.0.1/ci-environment-10.0.1.jar:/home/kashiba/.m2/repository/org/apiguardian/apiguardian-api/1.1.2/apiguardian-api-1.1.2.jar:/home/kashiba/.m2/repository/io/cucumber/cucumber-junit-platform-engine/7.20.1/cucumber-junit-platform-engine-7.20.1.jar:/home/kashiba/.m2/repository/org/junit/platform/junit-platform-engine/1.11.2/junit-platform-engine-1.11.2.jar:/home/kashiba/.m2/repository/org/opentest4j/opentest4j/1.3.0/opentest4j-1.3.0.jar:/home/kashiba/.m2/repository/org/junit/platform/junit-platform-commons/1.11.2/junit-platform-commons-1.11.2.jar:/home/kashiba/.m2/repository/org/junit/platform/junit-platform-suite/1.11.2/junit-platform-suite-1.11.2.jar:/home/kashiba/.m2/repository/org/junit/platform/junit-platform-suite-api/1.11.2/junit-platform-suite-api-1.11.2.jar:/home/kashiba/.m2/repository/org/junit/platform/junit-platform-suite-engine/1.11.2/junit-platform-suite-engine-1.11.2.jar:/home/kashiba/.m2/repository/org/junit/platform/junit-platform-suite-commons/1.11.2/junit-platform-suite-commons-1.11.2.jar:/home/kashiba/.m2/repository/org/junit/platform/junit-platform-launcher/1.11.2/junit-platform-launcher-1.11.2.jar:/home/kashiba/.m2/repository/org/junit/jupiter/junit-jupiter/5.11.2/junit-jupiter-5.11.2.jar:/home/kashiba/.m2/repository/org/junit/jupiter/junit-jupiter-api/5.11.2/junit-jupiter-api-5.11.2.jar:/home/kashiba/.m2/repository/org/junit/jupiter/junit-jupiter-params/5.11.2/junit-jupiter-params-5.11.2.jar:/home/kashiba/.m2/repository/org/junit/jupiter/junit-jupiter-engine/5.11.2/junit-jupiter-engine-5.11.2.jar:"/>
    <property name="java.vm.vendor" value="Ubuntu"/>
    <property name="sun.arch.data.model" value="64"/>
    <property name="java.vendor.url" value="https://ubuntu.com/"/>
    <property name="user.timezone" value="Asia/Tokyo"/>
    <property name="os.name" value="Linux"/>
    <property name="java.vm.specification.version" value="17"/>
    <property name="sun.java.launcher" value="SUN_STANDARD"/>
    <property name="sun.boot.library.path" value="/usr/lib/jvm/java-17-openjdk-arm64/lib"/>
    <property name="sun.java.command" value="/home/kashiba/_github/try_Spliterator/hellocucumber/target/surefire/surefirebooter-20241228101130674_3.jar /home/kashiba/_github/try_Spliterator/hellocucumber/target/surefire 2024-12-28T10-11-30_616-jvmRun1 surefire-20241228101130674_1tmp surefire_0-20241228101130674_2tmp"/>
    <property name="jdk.debug" value="release"/>
    <property name="surefire.test.class.path" value="/home/kashiba/_github/try_Spliterator/hellocucumber/target/test-classes:/home/kashiba/_github/try_Spliterator/hellocucumber/target/classes:/home/kashiba/.m2/repository/io/cucumber/cucumber-java/7.20.1/cucumber-java-7.20.1.jar:/home/kashiba/.m2/repository/io/cucumber/cucumber-core/7.20.1/cucumber-core-7.20.1.jar:/home/kashiba/.m2/repository/io/cucumber/cucumber-gherkin/7.20.1/cucumber-gherkin-7.20.1.jar:/home/kashiba/.m2/repository/io/cucumber/cucumber-gherkin-messages/7.20.1/cucumber-gherkin-messages-7.20.1.jar:/home/kashiba/.m2/repository/io/cucumber/gherkin/28.0.0/gherkin-28.0.0.jar:/home/kashiba/.m2/repository/io/cucumber/messages/24.1.0/messages-24.1.0.jar:/home/kashiba/.m2/repository/io/cucumber/testng-xml-formatter/0.2.0/testng-xml-formatter-0.2.0.jar:/home/kashiba/.m2/repository/io/cucumber/query/12.2.0/query-12.2.0.jar:/home/kashiba/.m2/repository/io/cucumber/tag-expressions/6.1.0/tag-expressions-6.1.0.jar:/home/kashiba/.m2/repository/io/cucumber/cucumber-expressions/17.1.0/cucumber-expressions-17.1.0.jar:/home/kashiba/.m2/repository/io/cucumber/datatable/7.20.1/datatable-7.20.1.jar:/home/kashiba/.m2/repository/io/cucumber/cucumber-plugin/7.20.1/cucumber-plugin-7.20.1.jar:/home/kashiba/.m2/repository/io/cucumber/docstring/7.20.1/docstring-7.20.1.jar:/home/kashiba/.m2/repository/io/cucumber/html-formatter/21.7.0/html-formatter-21.7.0.jar:/home/kashiba/.m2/repository/io/cucumber/junit-xml-formatter/0.5.0/junit-xml-formatter-0.5.0.jar:/home/kashiba/.m2/repository/io/cucumber/ci-environment/10.0.1/ci-environment-10.0.1.jar:/home/kashiba/.m2/repository/org/apiguardian/apiguardian-api/1.1.2/apiguardian-api-1.1.2.jar:/home/kashiba/.m2/repository/io/cucumber/cucumber-junit-platform-engine/7.20.1/cucumber-junit-platform-engine-7.20.1.jar:/home/kashiba/.m2/repository/org/junit/platform/junit-platform-engine/1.11.2/junit-platform-engine-1.11.2.jar:/home/kashiba/.m2/repository/org/opentest4j/opentest4j/1.3.0/opentest4j-1.3.0.jar:/home/kashiba/.m2/repository/org/junit/platform/junit-platform-commons/1.11.2/junit-platform-commons-1.11.2.jar:/home/kashiba/.m2/repository/org/junit/platform/junit-platform-suite/1.11.2/junit-platform-suite-1.11.2.jar:/home/kashiba/.m2/repository/org/junit/platform/junit-platform-suite-api/1.11.2/junit-platform-suite-api-1.11.2.jar:/home/kashiba/.m2/repository/org/junit/platform/junit-platform-suite-engine/1.11.2/junit-platform-suite-engine-1.11.2.jar:/home/kashiba/.m2/repository/org/junit/platform/junit-platform-suite-commons/1.11.2/junit-platform-suite-commons-1.11.2.jar:/home/kashiba/.m2/repository/org/junit/platform/junit-platform-launcher/1.11.2/junit-platform-launcher-1.11.2.jar:/home/kashiba/.m2/repository/org/junit/jupiter/junit-jupiter/5.11.2/junit-jupiter-5.11.2.jar:/home/kashiba/.m2/repository/org/junit/jupiter/junit-jupiter-api/5.11.2/junit-jupiter-api-5.11.2.jar:/home/kashiba/.m2/repository/org/junit/jupiter/junit-jupiter-params/5.11.2/junit-jupiter-params-5.11.2.jar:/home/kashiba/.m2/repository/org/junit/jupiter/junit-jupiter-engine/5.11.2/junit-jupiter-engine-5.11.2.jar:"/>
    <property name="sun.cpu.endian" value="little"/>
    <property name="user.home" value="/home/kashiba"/>
    <property name="user.language" value="en"/>
    <property name="java.specification.vendor" value="Oracle Corporation"/>
    <property name="java.version.date" value="2024-10-15"/>
    <property name="java.home" value="/usr/lib/jvm/java-17-openjdk-arm64"/>
    <property name="file.separator" value="/"/>
    <property name="basedir" value="/home/kashiba/_github/try_Spliterator/hellocucumber"/>
    <property name="java.vm.compressedOopsMode" value="Zero based"/>
    <property name="line.separator" value="&#10;"/>
    <property name="java.vm.specification.vendor" value="Oracle Corporation"/>
    <property name="java.specification.name" value="Java Platform API Specification"/>
    <property name="surefire.real.class.path" value="/home/kashiba/_github/try_Spliterator/hellocucumber/target/surefire/surefirebooter-20241228101130674_3.jar"/>
    <property name="sun.management.compiler" value="HotSpot 64-Bit Tiered Compilers"/>
    <property name="java.runtime.version" value="17.0.13+11-Ubuntu-2ubuntu122.04"/>
    <property name="user.name" value="kashiba"/>
    <property name="path.separator" value=":"/>
    <property name="os.version" value="5.15.153.1-microsoft-standard-WSL2"/>
    <property name="java.runtime.name" value="OpenJDK Runtime Environment"/>
    <property name="file.encoding" value="UTF-8"/>
    <property name="java.vm.name" value="OpenJDK 64-Bit Server VM"/>
    <property name="localRepository" value="/home/kashiba/.m2/repository"/>
    <property name="java.vendor.url.bug" value="https://bugs.launchpad.net/ubuntu/+source/openjdk-17"/>
    <property name="java.io.tmpdir" value="/tmp"/>
    <property name="java.version" value="17.0.13"/>
    <property name="user.dir" value="/home/kashiba/_github/try_Spliterator/hellocucumber"/>
    <property name="os.arch" value="aarch64"/>
    <property name="java.vm.specification.name" value="Java Virtual Machine Specification"/>
    <property name="native.encoding" value="UTF-8"/>
    <property name="java.library.path" value="/usr/java/packages/lib:/usr/lib/aarch64-linux-gnu/jni:/lib/aarch64-linux-gnu:/usr/lib/aarch64-linux-gnu:/usr/lib/jni:/lib:/usr/lib"/>
    <property name="java.vm.info" value="mixed mode, sharing"/>
    <property name="java.vendor" value="Ubuntu"/>
    <property name="java.vm.version" value="17.0.13+11-Ubuntu-2ubuntu122.04"/>
    <property name="java.specification.maintenance.version" value="1"/>
    <property name="sun.io.unicode.encoding" value="UnicodeLittle"/>
    <property name="java.class.version" value="61.0"/>
  </properties>
  <testcase name="可変長レコードを変換する - The example - Examples - Example #1.1" classname="可変長レコードを変換する - The example - Examples" time="0.032">
    <system-out><![CDATA[
Scenario Outline: The example               &amp#27;[90m# hellocucumber/example.feature:10&amp#27;[0m
  &amp#27;[32mGiven &amp#27;[0m&amp#27;[32m可変長レコード is &amp#27;[0m&amp#27;[32m&amp#27;[1m"A003AAAB002BB"&amp#27;[0m          &amp#27;[90m# hellocucumber.StepDefinitions.anExampleScenario(java.lang.String)&amp#27;[0m
  &amp#27;[32mWhen &amp#27;[0m&amp#27;[32mall step definitions are implemented&amp#27;[0m &amp#27;[90m# hellocucumber.StepDefinitions.allStepDefinitionsAreImplemented()&amp#27;[0m
  &amp#27;[32mThen &amp#27;[0m&amp#27;[32m変換結果 is &amp#27;[0m&amp#27;[32m&amp#27;[1m"AAA:BB"&amp#27;[0m                     &amp#27;[90m# hellocucumber.StepDefinitions.theScenarioPasses(java.lang.String)&amp#27;[0m
]]></system-out>
  </testcase>
</testsuite>